0 info it worked if it ends with ok
1 verbose cli [ 'node', '/usr/local/bin/npm', 'install', 'wikifetch', '-g' ]
2 info using npm@1.2.32
3 info using node@v0.10.12
4 verbose read json /usr/local/lib/package.json
5 verbose read json /usr/local/lib/package.json
6 verbose cache add [ 'wikifetch', null ]
7 verbose cache add name=undefined spec="wikifetch" args=["wikifetch",null]
8 verbose parsed url { protocol: null,
8 verbose parsed url   slashes: null,
8 verbose parsed url   auth: null,
8 verbose parsed url   host: null,
8 verbose parsed url   port: null,
8 verbose parsed url   hostname: null,
8 verbose parsed url   hash: null,
8 verbose parsed url   search: null,
8 verbose parsed url   query: null,
8 verbose parsed url   pathname: 'wikifetch',
8 verbose parsed url   path: 'wikifetch',
8 verbose parsed url   href: 'wikifetch' }
9 silly lockFile f727b438-wikifetch wikifetch
10 verbose lock wikifetch /Users/buren/.npm/f727b438-wikifetch.lock
11 silly lockFile f727b438-wikifetch wikifetch
12 silly lockFile f727b438-wikifetch wikifetch
13 verbose addNamed [ 'wikifetch', '' ]
14 verbose addNamed [ null, '' ]
15 silly lockFile 93cbff3c-wikifetch wikifetch@
16 verbose lock wikifetch@ /Users/buren/.npm/93cbff3c-wikifetch.lock
17 silly addNameRange { name: 'wikifetch', range: '', hasData: false }
18 verbose url raw wikifetch
19 verbose url resolving [ 'https://registry.npmjs.org/', './wikifetch' ]
20 verbose url resolved https://registry.npmjs.org/wikifetch
21 info trying registry request attempt 1 at 13:04:27
22 http GET https://registry.npmjs.org/wikifetch
23 http 200 https://registry.npmjs.org/wikifetch
24 silly registry.get cb [ 200,
24 silly registry.get   { vary: 'Accept',
24 silly registry.get     server: 'CouchDB/1.3.1 (Erlang OTP/R15B03)',
24 silly registry.get     etag: '"70A5X4NX7F6JYFRRHEB702NEX"',
24 silly registry.get     date: 'Sun, 10 Nov 2013 12:04:29 GMT',
24 silly registry.get     'content-type': 'application/json',
24 silly registry.get     'content-length': '3058' } ]
25 silly addNameRange number 2 { name: 'wikifetch', range: '', hasData: true }
26 silly addNameRange versions [ 'wikifetch', [ '0.0.1' ] ]
27 verbose addNamed [ 'wikifetch', '0.0.1' ]
28 verbose addNamed [ '0.0.1', '0.0.1' ]
29 silly lockFile da66a1f5-wikifetch-0-0-1 wikifetch@0.0.1
30 verbose lock wikifetch@0.0.1 /Users/buren/.npm/da66a1f5-wikifetch-0-0-1.lock
31 silly lockFile 059efe72-rg-wikifetch-wikifetch-0-0-1-tgz https://registry.npmjs.org/wikifetch/-/wikifetch-0.0.1.tgz
32 verbose lock https://registry.npmjs.org/wikifetch/-/wikifetch-0.0.1.tgz /Users/buren/.npm/059efe72-rg-wikifetch-wikifetch-0-0-1-tgz.lock
33 verbose addRemoteTarball [ 'https://registry.npmjs.org/wikifetch/-/wikifetch-0.0.1.tgz',
33 verbose addRemoteTarball   'c8ac71731a615fcf95bf33fb38bc9ded47e18ef5' ]
34 info retry fetch attempt 1 at 13:04:30
35 verbose fetch to= /var/folders/gz/1jh0wfnj19q5flb72m5t85jr0000gn/T/npm-7870/1384085070012-0.3119050180539489/tmp.tgz
36 http GET https://registry.npmjs.org/wikifetch/-/wikifetch-0.0.1.tgz
37 http 200 https://registry.npmjs.org/wikifetch/-/wikifetch-0.0.1.tgz
38 verbose tar unpack /var/folders/gz/1jh0wfnj19q5flb72m5t85jr0000gn/T/npm-7870/1384085070012-0.3119050180539489/tmp.tgz
39 silly lockFile b2d266ab-70012-0-3119050180539489-package tar:///var/folders/gz/1jh0wfnj19q5flb72m5t85jr0000gn/T/npm-7870/1384085070012-0.3119050180539489/package
40 verbose lock tar:///var/folders/gz/1jh0wfnj19q5flb72m5t85jr0000gn/T/npm-7870/1384085070012-0.3119050180539489/package /Users/buren/.npm/b2d266ab-70012-0-3119050180539489-package.lock
41 silly lockFile 61544e1e-70012-0-3119050180539489-tmp-tgz tar:///var/folders/gz/1jh0wfnj19q5flb72m5t85jr0000gn/T/npm-7870/1384085070012-0.3119050180539489/tmp.tgz
42 verbose lock tar:///var/folders/gz/1jh0wfnj19q5flb72m5t85jr0000gn/T/npm-7870/1384085070012-0.3119050180539489/tmp.tgz /Users/buren/.npm/61544e1e-70012-0-3119050180539489-tmp-tgz.lock
43 silly gunzTarPerm modes [ '755', '644' ]
44 silly gunzTarPerm extractEntry .gitignore
45 silly gunzTarPerm extractEntry bin/
46 silly gunzTarPerm extractEntry bin/wikifetch.js
47 silly gunzTarPerm extractEntry lib/
48 silly gunzTarPerm extractEntry lib/index.js
49 silly gunzTarPerm extractEntry lib/wikifetch.js
50 silly gunzTarPerm extractEntry Miyamoto_Musashi.json
51 silly gunzTarPerm extractEntry Musashi.json
52 silly gunzTarPerm extractEntry package.json
53 silly gunzTarPerm extractEntry README.md
54 silly gunzTarPerm extractEntry test/
55 silly gunzTarPerm extractEntry test/wikifetch-test.js
56 verbose read json /var/folders/gz/1jh0wfnj19q5flb72m5t85jr0000gn/T/npm-7870/1384085070012-0.3119050180539489/package/package.json
57 silly lockFile b2d266ab-70012-0-3119050180539489-package tar:///var/folders/gz/1jh0wfnj19q5flb72m5t85jr0000gn/T/npm-7870/1384085070012-0.3119050180539489/package
58 silly lockFile b2d266ab-70012-0-3119050180539489-package tar:///var/folders/gz/1jh0wfnj19q5flb72m5t85jr0000gn/T/npm-7870/1384085070012-0.3119050180539489/package
59 silly lockFile 61544e1e-70012-0-3119050180539489-tmp-tgz tar:///var/folders/gz/1jh0wfnj19q5flb72m5t85jr0000gn/T/npm-7870/1384085070012-0.3119050180539489/tmp.tgz
60 silly lockFile 61544e1e-70012-0-3119050180539489-tmp-tgz tar:///var/folders/gz/1jh0wfnj19q5flb72m5t85jr0000gn/T/npm-7870/1384085070012-0.3119050180539489/tmp.tgz
61 verbose from cache /var/folders/gz/1jh0wfnj19q5flb72m5t85jr0000gn/T/npm-7870/1384085070012-0.3119050180539489/package/package.json
62 verbose tar pack [ '/Users/buren/.npm/wikifetch/0.0.1/package.tgz',
62 verbose tar pack   '/var/folders/gz/1jh0wfnj19q5flb72m5t85jr0000gn/T/npm-7870/1384085070012-0.3119050180539489/package' ]
63 verbose tarball /Users/buren/.npm/wikifetch/0.0.1/package.tgz
64 verbose folder /var/folders/gz/1jh0wfnj19q5flb72m5t85jr0000gn/T/npm-7870/1384085070012-0.3119050180539489/package
65 silly lockFile b2d266ab-70012-0-3119050180539489-package tar:///var/folders/gz/1jh0wfnj19q5flb72m5t85jr0000gn/T/npm-7870/1384085070012-0.3119050180539489/package
66 verbose lock tar:///var/folders/gz/1jh0wfnj19q5flb72m5t85jr0000gn/T/npm-7870/1384085070012-0.3119050180539489/package /Users/buren/.npm/b2d266ab-70012-0-3119050180539489-package.lock
67 silly lockFile 2ef12e60--npm-wikifetch-0-0-1-package-tgz tar:///Users/buren/.npm/wikifetch/0.0.1/package.tgz
68 verbose lock tar:///Users/buren/.npm/wikifetch/0.0.1/package.tgz /Users/buren/.npm/2ef12e60--npm-wikifetch-0-0-1-package-tgz.lock
69 silly lockFile b2d266ab-70012-0-3119050180539489-package tar:///var/folders/gz/1jh0wfnj19q5flb72m5t85jr0000gn/T/npm-7870/1384085070012-0.3119050180539489/package
70 silly lockFile b2d266ab-70012-0-3119050180539489-package tar:///var/folders/gz/1jh0wfnj19q5flb72m5t85jr0000gn/T/npm-7870/1384085070012-0.3119050180539489/package
71 silly lockFile 2ef12e60--npm-wikifetch-0-0-1-package-tgz tar:///Users/buren/.npm/wikifetch/0.0.1/package.tgz
72 silly lockFile 2ef12e60--npm-wikifetch-0-0-1-package-tgz tar:///Users/buren/.npm/wikifetch/0.0.1/package.tgz
73 silly lockFile e5557b80-uren-npm-wikifetch-0-0-1-package /Users/buren/.npm/wikifetch/0.0.1/package
74 verbose lock /Users/buren/.npm/wikifetch/0.0.1/package /Users/buren/.npm/e5557b80-uren-npm-wikifetch-0-0-1-package.lock
75 silly lockFile e5557b80-uren-npm-wikifetch-0-0-1-package /Users/buren/.npm/wikifetch/0.0.1/package
76 silly lockFile e5557b80-uren-npm-wikifetch-0-0-1-package /Users/buren/.npm/wikifetch/0.0.1/package
77 verbose tar unpack /Users/buren/.npm/wikifetch/0.0.1/package.tgz
78 silly lockFile 9348d7a8-uren-npm-wikifetch-0-0-1-package tar:///Users/buren/.npm/wikifetch/0.0.1/package
79 verbose lock tar:///Users/buren/.npm/wikifetch/0.0.1/package /Users/buren/.npm/9348d7a8-uren-npm-wikifetch-0-0-1-package.lock
80 silly lockFile 2ef12e60--npm-wikifetch-0-0-1-package-tgz tar:///Users/buren/.npm/wikifetch/0.0.1/package.tgz
81 verbose lock tar:///Users/buren/.npm/wikifetch/0.0.1/package.tgz /Users/buren/.npm/2ef12e60--npm-wikifetch-0-0-1-package-tgz.lock
82 silly gunzTarPerm modes [ '755', '644' ]
83 silly gunzTarPerm extractEntry package.json
84 silly gunzTarPerm extractEntry .npmignore
85 silly gunzTarPerm extractEntry README.md
86 silly gunzTarPerm extractEntry Miyamoto_Musashi.json
87 silly gunzTarPerm extractEntry Musashi.json
88 silly gunzTarPerm extractEntry bin/wikifetch.js
89 silly gunzTarPerm extractEntry lib/index.js
90 silly gunzTarPerm extractEntry lib/wikifetch.js
91 silly gunzTarPerm extractEntry test/wikifetch-test.js
92 verbose read json /Users/buren/.npm/wikifetch/0.0.1/package/package.json
93 silly lockFile 9348d7a8-uren-npm-wikifetch-0-0-1-package tar:///Users/buren/.npm/wikifetch/0.0.1/package
94 silly lockFile 9348d7a8-uren-npm-wikifetch-0-0-1-package tar:///Users/buren/.npm/wikifetch/0.0.1/package
95 silly lockFile 2ef12e60--npm-wikifetch-0-0-1-package-tgz tar:///Users/buren/.npm/wikifetch/0.0.1/package.tgz
96 silly lockFile 2ef12e60--npm-wikifetch-0-0-1-package-tgz tar:///Users/buren/.npm/wikifetch/0.0.1/package.tgz
97 verbose from cache /Users/buren/.npm/wikifetch/0.0.1/package/package.json
98 verbose chmod /Users/buren/.npm/wikifetch/0.0.1/package.tgz 644
99 verbose chown /Users/buren/.npm/wikifetch/0.0.1/package.tgz [ 501, 20 ]
100 silly lockFile 059efe72-rg-wikifetch-wikifetch-0-0-1-tgz https://registry.npmjs.org/wikifetch/-/wikifetch-0.0.1.tgz
101 silly lockFile 059efe72-rg-wikifetch-wikifetch-0-0-1-tgz https://registry.npmjs.org/wikifetch/-/wikifetch-0.0.1.tgz
102 silly lockFile da66a1f5-wikifetch-0-0-1 wikifetch@0.0.1
103 silly lockFile da66a1f5-wikifetch-0-0-1 wikifetch@0.0.1
104 silly lockFile 93cbff3c-wikifetch wikifetch@
105 silly lockFile 93cbff3c-wikifetch wikifetch@
106 silly resolved [ { name: 'wikifetch',
106 silly resolved     directories: { lib: './lib', bin: './bin' },
106 silly resolved     main: './lib/index.js',
106 silly resolved     bin: { wikifetch: './bin/wikifetch.js' },
106 silly resolved     version: '0.0.1',
106 silly resolved     author: { name: 'Ben Coe', email: 'bencoe@gmail.com' },
106 silly resolved     engines: [ 'node' ],
106 silly resolved     description: 'Uses jQuery to return a structured JSON representation of a Wikipedia article.',
106 silly resolved     keywords: [ 'crawler', 'twitter', 'public-timeline' ],
106 silly resolved     repository: { type: 'git', url: 'git://github.com/bcoe/wikifetch.git' },
106 silly resolved     dependencies:
106 silly resolved      { request: '>=2.9.203',
106 silly resolved        jquery: '>=1.6.3',
106 silly resolved        'sexy-args': '>=1.1.5',
106 silly resolved        optimist: '0.3.4',
106 silly resolved        'micro-test': '1.0.0' },
106 silly resolved     readme: 'WikiFetch\n=========\n\nAuthor: [@benjamincoe](https://twitter.com/#/benjamincoe)\n\nProblem\n-------\n\nFor some NLP research I\'m currently doing, I was interested in parsing structured information from Wikipedia articles.\n\nI did not want to use a full-featured MediaWiki parser:\n\n* this would be heavy-handed, all I really wanted was: the text contents from articles, images, and links to other articles.\n* I wanted to be able to extend the approach to other websites, e.g., Reuters.\n* I wanted to use a crawler-based approach, rather than downloading a massive dataset.\n\nThe Solution\n------------\n\nWikiFetch Crawls a Wikipedia article using Node.js and jQuery. It returns a structured JSON-representation of the page:\n\n```javscript\n\t{\n\t\t"title": "Foobar Article",\n\t\t"links": {\n\t\t\t"Link_to_another_article: {\n\t\t\t\t"text": "Another article.", // the text that was linked.\n\t\t\t\t"title": "Another_article.", // title attribute <a/> tag.\n\t\t\t\t"occurrences": 1 // number of times this article was linked.\n\t\t\t}\n\t\t},\n\t\t"sections": {\n\t\t\t"Section Heading": {\n\t\t\t\ttext: "text contents of section.",\n\t\t\t\timages: ["http://foobar.jpg"] // images occurring within this section.\n\t\t\t}\n\t\t}\n\t}\n```\n\n* Links within sections are replaced with [[article name]], which will have a corresponding entry in **links**.\n\nUsage\n-----\n\n```bash\nnpm install wikifetch -g\nbirdeater --article=Dogs\n```',
106 silly resolved     readmeFilename: 'README.md',
106 silly resolved     bugs: { url: 'https://github.com/bcoe/wikifetch/issues' },
106 silly resolved     _id: 'wikifetch@0.0.1',
106 silly resolved     dist: { shasum: '56a0ff3d694895fd55fb67a0d2aee8b962f4a516' },
106 silly resolved     _from: 'wikifetch@',
106 silly resolved     _resolved: 'https://registry.npmjs.org/wikifetch/-/wikifetch-0.0.1.tgz' } ]
107 info install wikifetch@0.0.1 into /usr/local/lib
108 info installOne wikifetch@0.0.1
109 verbose from cache /Users/buren/.npm/wikifetch/0.0.1/package/package.json
110 info /usr/local/lib/node_modules/wikifetch unbuild
111 verbose read json /usr/local/lib/node_modules/wikifetch/package.json
112 verbose tar unpack /Users/buren/.npm/wikifetch/0.0.1/package.tgz
113 silly lockFile 0ae39eb4-local-lib-node-modules-wikifetch tar:///usr/local/lib/node_modules/wikifetch
114 verbose lock tar:///usr/local/lib/node_modules/wikifetch /Users/buren/.npm/0ae39eb4-local-lib-node-modules-wikifetch.lock
115 silly lockFile 2ef12e60--npm-wikifetch-0-0-1-package-tgz tar:///Users/buren/.npm/wikifetch/0.0.1/package.tgz
116 verbose lock tar:///Users/buren/.npm/wikifetch/0.0.1/package.tgz /Users/buren/.npm/2ef12e60--npm-wikifetch-0-0-1-package-tgz.lock
117 silly gunzTarPerm modes [ '755', '644' ]
118 error Error: EACCES, mkdir '/usr/local/lib/node_modules/wikifetch'
118 error  { [Error: EACCES, mkdir '/usr/local/lib/node_modules/wikifetch']
118 error   errno: 3,
118 error   code: 'EACCES',
118 error   path: '/usr/local/lib/node_modules/wikifetch',
118 error   fstream_type: 'Directory',
118 error   fstream_path: '/usr/local/lib/node_modules/wikifetch',
118 error   fstream_class: 'DirWriter',
118 error   fstream_stack:
118 error    [ '/usr/local/lib/node_modules/npm/node_modules/fstream/lib/dir-writer.js:36:23',
118 error      '/usr/local/lib/node_modules/npm/node_modules/mkdirp/index.js:37:53',
118 error      'Object.oncomplete (fs.js:107:15)' ] }
119 error Please try running this command again as root/Administrator.
120 error System Darwin 13.0.0
121 error command "node" "/usr/local/bin/npm" "install" "wikifetch" "-g"
122 error cwd /Users/buren/development/lth_hackathon/AndroidWebsockets
123 error node -v v0.10.12
124 error npm -v 1.2.32
125 error path /usr/local/lib/node_modules/wikifetch
126 error fstream_path /usr/local/lib/node_modules/wikifetch
127 error fstream_type Directory
128 error fstream_class DirWriter
129 error code EACCES
130 error errno 3
131 error stack Error: EACCES, mkdir '/usr/local/lib/node_modules/wikifetch'
132 error fstream_stack /usr/local/lib/node_modules/npm/node_modules/fstream/lib/dir-writer.js:36:23
132 error fstream_stack /usr/local/lib/node_modules/npm/node_modules/mkdirp/index.js:37:53
132 error fstream_stack Object.oncomplete (fs.js:107:15)
133 verbose exit [ 3, true ]
